18:58:56 **** Incremental Build of configuration Nios II for project 723_Project ****
make all 
Info: Building ../723_Project_bsp/
C:/intelFPGA/16.1/nios2eds/bin/gnu/H-x86_64-mingw32/bin/make --no-print-directory -C ../723_Project_bsp/
[BSP build complete]
[723_Project build complete]
18:59:04 **** Build of configuration Nios II for project 723_Project ****
make all 
Info: Building ../723_Project_bsp/
C:/intelFPGA/16.1/nios2eds/bin/gnu/H-x86_64-mingw32/bin/make --no-print-directory -C ../723_Project_bsp/
[BSP build complete]
[723_Project build complete]
18:59:40 **** Incremental Build of configuration Nios II for project 723_Project ****
make all 
Info: Building ../723_Project_bsp/
C:/intelFPGA/16.1/nios2eds/bin/gnu/H-x86_64-mingw32/bin/make --no-print-directory -C ../723_Project_bsp/
[BSP build complete]
Info: Compiling freertos_test.c to obj/default/freertos_test.o
nios2-elf-gcc -xc -MP -MMD -c -I../723_Project_bsp//HAL/inc -I../723_Project_bsp/ -I../723_Project_bsp//drivers/inc  -pipe -D__hal__ -DALT_NO_INSTRUCTION_EMULATION -DALT_SINGLE_THREADED    -O0 -g -Wall   -mhw-div -mhw-mul -mno-hw-mulx -mgpopt=global  -o obj/default/freertos_test.o freertos_test.c
freertos_test.c:31:6: error: expected '=', ',', ';', 'asm' or '__attribute__' before numeric constant
 rity 7
      ^
In file included from freertos_test.c:10:0:
freertos_test.c: In function 'send_task':
freertos_test.c:101:18: error: 'msgqueue' undeclared (first use in this function)
   if (xQueueSend(msgqueue, (void *)&msg, 0) == pdPASS)
                  ^
freertos/queue.h:421:80: note: in definition of macro 'xQueueSend'
 #define xQueueSend( xQueue, pvItemToQueue, xTicksToWait ) xQueueGenericSend( ( xQueue ), ( pvItemToQueue ), ( xTicksToWait ), queueSEND_TO_BACK )
                                                                                ^
freertos_test.c:101:18: note: each undeclared identifier is reported only once for each function it appears in
   if (xQueueSend(msgqueue, (void *)&msg, 0) == pdPASS)
                  ^
freertos/queue.h:421:80: note: in definition of macro 'xQueueSend'
 #define xQueueSend( xQueue, pvItemToQueue, xTicksToWait ) xQueueGenericSend( ( xQueue ), ( pvItemToQueue ), ( xTicksToWait ), queueSEND_TO_BACK )
                                                                                ^
freertos_test.c: In function 'receive_task1':
freertos_test.c:121:17: error: 'msgqueue' undeclared (first use in this function)
   xQueueReceive(msgqueue, &msg, portMAX_DELAY);
                 ^
freertos/queue.h:814:81: note: in definition of macro 'xQueueReceive'
 #define xQueueReceive( xQueue, pvBuffer, xTicksToWait ) xQueueGenericReceive( ( xQueue ), ( pvBuffer ), ( xTicksToWait ), pdFALSE )
                                                                                 ^
freertos_test.c: In function 'receive_task2':
freertos_test.c:132:17: error: 'msgqueue' undeclared (first use in this function)
   xQueueReceive(msgqueue, &msg, portMAX_DELAY);
                 ^
freertos/queue.h:814:81: note: in definition of macro 'xQueueReceive'
 #define xQueueReceive( xQueue, pvBuffer, xTicksToWait ) xQueueGenericReceive( ( xQueue ), ( pvBuffer ), ( xTicksToWait ), pdFALSE )
                                                                                 ^
freertos_test.c: In function 'main':
freertos_test.c:142:46: warning: passing argument 3 of 'alt_irq_register' from incompatible pointer type [-Wincompatible-pointer-types]
  alt_irq_register(FREQUENCY_ANALYSER_IRQ, 0, freq_relay);
                                              ^
In file included from ../723_Project_bsp//HAL/inc/sys/alt_irq.h:218:0,
                 from freertos/portmacro.h:77,
                 from freertos/portable.h:94,
                 from freertos/FreeRTOS.h:104,
                 from freertos_test.c:8:
../723_Project_bsp//HAL/inc/priv/alt_legacy_irq.h:61:12: note: expected 'alt_isr_func {aka void (*)(void *, long unsigned int)}' but argument is of type 'void (*)(void)'
 extern int alt_irq_register (alt_u32 id, 
            ^
freertos_test.c: In function 'initOSDataStructs':
freertos_test.c:151:2: error: 'msgqueue' undeclared (first use in this function)
  msgqueue = xQueueCreate( MSG_QUEUE_SIZE, sizeof( void* ) );
  ^
In file included from freertos_test.c:9:0:
freertos_test.c: In function 'initCreateTasks':
freertos_test.c:183:60: error: 'lcd_task1_priority' undeclared (first use in this function)
  xTaskCreate(lcd_task1, "lcd_task1", TASK_STACKSIZE, NULL, lcd_task1_priority, NULL);
                                                            ^
freertos/task.h:344:184: note: in definition of macro 'xTaskCreate'
 #define xTaskCreate( pvTaskCode, pcName, usStackDepth, pvParameters, uxPriority, pxCreatedTask ) xTaskGenericCreate( ( pvTaskCode ), ( pcName ), ( usStackDepth ), ( pvParameters ), ( uxPriority ), ( pxCreatedTask ), ( NULL ), ( NULL ) )
                                                                                                                                                                                        ^
freertos/task.h:344:118: warning: passing argument 1 of 'xTaskGenericCreate' from incompatible pointer type [-Wincompatible-pointer-types]
 #define xTaskCreate( pvTaskCode, pcName, usStackDepth, pvParameters, uxPriority, pxCreatedTask ) xTaskGenericCreate( ( pvTaskCode ), ( pcName ), ( usStackDepth ), ( pvParameters ), ( uxPriority ), ( pxCreatedTask ), ( NULL ), ( NULL ) )
                                                                                                                      ^
freertos_test.c:184:2: note: in expansion of macro 'xTaskCreate'
  xTaskCreate(freq_relay, "freq_relay", TASK_STACKSIZE, NULL, freq_relay_priority, NULL);
  ^
freertos/task.h:1949:12: note: expected 'TaskFunction_t {aka void (*)(void *)}' but argument is of type 'void (*)(void)'
 BaseType_t xTaskGenericCreate( TaskFunction_t pxTaskCode, const char * const pcName, const uint16_t usStackDepth, void * const pvParameters, UBaseType_t uxPriority, TaskHandle_t * const pxCreatedTask, StackType_t * const puxStackBuffer, const MemoryRegion_t * const xRegions ) PRIVILEGED_FUNCTION; /*lint !e971 Unqualified char types are allowed for strings and single characters only. */
            ^
make: *** [obj/default/freertos_test.o] Error 1
18:59:56 **** Incremental Build of configuration Nios II for project 723_Project ****
make all 
Info: Building ../723_Project_bsp/
C:/intelFPGA/16.1/nios2eds/bin/gnu/H-x86_64-mingw32/bin/make --no-print-directory -C ../723_Project_bsp/
[BSP build complete]
Info: Compiling freertos_test.c to obj/default/freertos_test.o
nios2-elf-gcc -xc -MP -MMD -c -I../723_Project_bsp//HAL/inc -I../723_Project_bsp/ -I../723_Project_bsp//drivers/inc  -pipe -D__hal__ -DALT_NO_INSTRUCTION_EMULATION -DALT_SINGLE_THREADED    -O0 -g -Wall   -mhw-div -mhw-mul -mno-hw-mulx -mgpopt=global  -o obj/default/freertos_test.o freertos_test.c
freertos_test.c:31:6: error: expected '=', ',', ';', 'asm' or '__attribute__' before numeric constant
 rity 7
      ^
In file included from freertos_test.c:10:0:
freertos_test.c: In function 'send_task':
freertos_test.c:101:18: error: 'msgqueue' undeclared (first use in this function)
   if (xQueueSend(msgqueue, (void *)&msg, 0) == pdPASS)
                  ^
freertos/queue.h:421:80: note: in definition of macro 'xQueueSend'
 #define xQueueSend( xQueue, pvItemToQueue, xTicksToWait ) xQueueGenericSend( ( xQueue ), ( pvItemToQueue ), ( xTicksToWait ), queueSEND_TO_BACK )
                                                                                ^
freertos_test.c:101:18: note: each undeclared identifier is reported only once for each function it appears in
   if (xQueueSend(msgqueue, (void *)&msg, 0) == pdPASS)
                  ^
freertos/queue.h:421:80: note: in definition of macro 'xQueueSend'
 #define xQueueSend( xQueue, pvItemToQueue, xTicksToWait ) xQueueGenericSend( ( xQueue ), ( pvItemToQueue ), ( xTicksToWait ), queueSEND_TO_BACK )
                                                                                ^
freertos_test.c: In function 'receive_task1':
freertos_test.c:121:17: error: 'msgqueue' undeclared (first use in this function)
   xQueueReceive(msgqueue, &msg, portMAX_DELAY);
                 ^
freertos/queue.h:814:81: note: in definition of macro 'xQueueReceive'
 #define xQueueReceive( xQueue, pvBuffer, xTicksToWait ) xQueueGenericReceive( ( xQueue ), ( pvBuffer ), ( xTicksToWait ), pdFALSE )
                                                                                 ^
freertos_test.c: In function 'receive_task2':
freertos_test.c:132:17: error: 'msgqueue' undeclared (first use in this function)
   xQueueReceive(msgqueue, &msg, portMAX_DELAY);
                 ^
freertos/queue.h:814:81: note: in definition of macro 'xQueueReceive'
 #define xQueueReceive( xQueue, pvBuffer, xTicksToWait ) xQueueGenericReceive( ( xQueue ), ( pvBuffer ), ( xTicksToWait ), pdFALSE )
                                                                                 ^
freertos_test.c: In function 'main':
freertos_test.c:142:46: warning: passing argument 3 of 'alt_irq_register' from incompatible pointer type [-Wincompatible-pointer-types]
  alt_irq_register(FREQUENCY_ANALYSER_IRQ, 0, freq_relay);
                                              ^
In file included from ../723_Project_bsp//HAL/inc/sys/alt_irq.h:218:0,
                 from freertos/portmacro.h:77,
                 from freertos/portable.h:94,
                 from freertos/FreeRTOS.h:104,
                 from freertos_test.c:8:
../723_Project_bsp//HAL/inc/priv/alt_legacy_irq.h:61:12: note: expected 'alt_isr_func {aka void (*)(void *, long unsigned int)}' but argument is of type 'void (*)(void)'
 extern int alt_irq_register (alt_u32 id, 
            ^
freertos_test.c: In function 'initOSDataStructs':
freertos_test.c:151:2: error: 'msgqueue' undeclared (first use in this function)
  msgqueue = xQueueCreate( MSG_QUEUE_SIZE, sizeof( void* ) );
  ^
In file included from freertos_test.c:9:0:
freertos_test.c: In function 'initCreateTasks':
freertos_test.c:183:60: error: 'lcd_task1_priority' undeclared (first use in this function)
  xTaskCreate(lcd_task1, "lcd_task1", TASK_STACKSIZE, NULL, lcd_task1_priority, NULL);
                                                            ^
freertos/task.h:344:184: note: in definition of macro 'xTaskCreate'
 #define xTaskCreate( pvTaskCode, pcName, usStackDepth, pvParameters, uxPriority, pxCreatedTask ) xTaskGenericCreate( ( pvTaskCode ), ( pcName ), ( usStackDepth ), ( pvParameters ), ( uxPriority ), ( pxCreatedTask ), ( NULL ), ( NULL ) )
                                                                                                                                                                                        ^
freertos/task.h:344:118: warning: passing argument 1 of 'xTaskGenericCreate' from incompatible pointer type [-Wincompatible-pointer-types]
 #define xTaskCreate( pvTaskCode, pcName, usStackDepth, pvParameters, uxPriority, pxCreatedTask ) xTaskGenericCreate( ( pvTaskCode ), ( pcName ), ( usStackDepth ), ( pvParameters ), ( uxPriority ), ( pxCreatedTask ), ( NULL ), ( NULL ) )
                                                                                                                      ^
freertos_test.c:184:2: note: in expansion of macro 'xTaskCreate'
  xTaskCreate(freq_relay, "freq_relay", TASK_STACKSIZE, NULL, freq_relay_priority, NULL);
  ^
freertos/task.h:1949:12: note: expected 'TaskFunction_t {aka void (*)(void *)}' but argument is of type 'void (*)(void)'
 BaseType_t xTaskGenericCreate( TaskFunction_t pxTaskCode, const char * const pcName, const uint16_t usStackDepth, void * const pvParameters, UBaseType_t uxPriority, TaskHandle_t * const pxCreatedTask, StackType_t * const puxStackBuffer, const MemoryRegion_t * const xRegions ) PRIVILEGED_FUNCTION; /*lint !e971 Unqualified char types are allowed for strings and single characters only. */
            ^
make: *** [obj/default/freertos_test.o] Error 1
19:00:36 **** Incremental Build of configuration Nios II for project 723_Project ****
make all 
Info: Building ../723_Project_bsp/
C:/intelFPGA/16.1/nios2eds/bin/gnu/H-x86_64-mingw32/bin/make --no-print-directory -C ../723_Project_bsp/
[BSP build complete]
Info: Compiling freertos_test.c to obj/default/freertos_test.o
nios2-elf-gcc -xc -MP -MMD -c -I../723_Project_bsp//HAL/inc -I../723_Project_bsp/ -I../723_Project_bsp//drivers/inc  -pipe -D__hal__ -DALT_NO_INSTRUCTION_EMULATION -DALT_SINGLE_THREADED    -O0 -g -Wall   -mhw-div -mhw-mul -mno-hw-mulx -mgpopt=global  -o obj/default/freertos_test.o freertos_test.c
freertos_test.c: In function 'main':
freertos_test.c:140:46: warning: passing argument 3 of 'alt_irq_register' from incompatible pointer type [-Wincompatible-pointer-types]
  alt_irq_register(FREQUENCY_ANALYSER_IRQ, 0, freq_relay);
                                              ^
In file included from ../723_Project_bsp//HAL/inc/sys/alt_irq.h:218:0,
                 from freertos/portmacro.h:77,
                 from freertos/portable.h:94,
                 from freertos/FreeRTOS.h:104,
                 from freertos_test.c:8:
../723_Project_bsp//HAL/inc/priv/alt_legacy_irq.h:61:12: note: expected 'alt_isr_func {aka void (*)(void *, long unsigned int)}' but argument is of type 'void (*)(void)'
 extern int alt_irq_register (alt_u32 id, 
            ^
In file included from freertos_test.c:9:0:
freertos_test.c: In function 'initCreateTasks':
freertos/task.h:344:118: warning: passing argument 1 of 'xTaskGenericCreate' from incompatible pointer type [-Wincompatible-pointer-types]
 #define xTaskCreate( pvTaskCode, pcName, usStackDepth, pvParameters, uxPriority, pxCreatedTask ) xTaskGenericCreate( ( pvTaskCode ), ( pcName ), ( usStackDepth ), ( pvParameters ), ( uxPriority ), ( pxCreatedTask ), ( NULL ), ( NULL ) )
                                                                                                                      ^
freertos_test.c:182:2: note: in expansion of macro 'xTaskCreate'
  xTaskCreate(freq_relay, "freq_relay", TASK_STACKSIZE, NULL, freq_relay_priority, NULL);
  ^
freertos/task.h:1949:12: note: expected 'TaskFunction_t {aka void (*)(void *)}' but argument is of type 'void (*)(void)'
 BaseType_t xTaskGenericCreate( TaskFunction_t pxTaskCode, const char * const pcName, const uint16_t usStackDepth, void * const pvParameters, UBaseType_t uxPriority, TaskHandle_t * const pxCreatedTask, StackType_t * const puxStackBuffer, const MemoryRegion_t * const xRegions ) PRIVILEGED_FUNCTION; /*lint !e971 Unqualified char types are allowed for strings and single characters only. */
            ^
Info: Linking 723_Project.elf
nios2-elf-g++  -T'../723_Project_bsp//linker.x' -msys-crt0='../723_Project_bsp//obj/HAL/src/crt0.o' -msys-lib=hal_bsp -L../723_Project_bsp/   -Wl,-Map=723_Project.map   -O0 -g -Wall   -mhw-div -mhw-mul -mno-hw-mulx -mgpopt=global  -o 723_Project.elf obj/default/FreeRTOS/croutine.o obj/default/FreeRTOS/event_groups.o obj/default/FreeRTOS/heap.o obj/default/FreeRTOS/list.o obj/default/FreeRTOS/port.o obj/default/FreeRTOS/queue.o obj/default/FreeRTOS/tasks.o obj/default/FreeRTOS/timers.o obj/default/freertos_test.o obj/default/FreeRTOS/port_asm.o -lm -msys-lib=m
nios2-elf-insert 723_Project.elf --thread_model hal --cpu_name nios2 --qsys true --simulation_enabled false --id 7 --sidp 0x430f0 --timestamp 1393900972 --stderr_dev jtag_uart --stdin_dev jtag_uart --stdout_dev jtag_uart --sopc_system_name nios2 --quartus_project_dir "D:/723_Project" --sopcinfo D:/723_Project/software/723_Project_bsp/../../nios2.sopcinfo
Info: (723_Project.elf) 609 KBytes program size (code + initialized data).
Info:                   130561 KBytes free for stack + heap.
Info: Creating 723_Project.objdump
nios2-elf-objdump --disassemble --syms --all-header --source 723_Project.elf >723_Project.objdump
[723_Project build complete]
