12:17:10 **** Build of configuration Nios II for project 723_Project ****
make all 
Info: Building ../723_Project_bsp/
C:/intelFPGA/16.1/nios2eds/bin/gnu/H-x86_64-mingw32/bin/make --no-print-directory -C ../723_Project_bsp/
Creating libhal_bsp.a...
rm -f -f libhal_bsp.a
nios2-elf-ar -src libhal_bsp.a obj/HAL/src/alt_alarm_start.o obj/HAL/src/alt_busy_sleep.o obj/HAL/src/alt_close.o obj/HAL/src/alt_dcache_flush.o obj/HAL/src/alt_dcache_flush_all.o obj/HAL/src/alt_dcache_flush_no_writeback.o obj/HAL/src/alt_dev.o obj/HAL/src/alt_dev_llist_insert.o obj/HAL/src/alt_dma_rxchan_open.o obj/HAL/src/alt_dma_txchan_open.o obj/HAL/src/alt_do_ctors.o obj/HAL/src/alt_do_dtors.o obj/HAL/src/alt_ecc_fatal_entry.o obj/HAL/src/alt_ecc_fatal_exception.o obj/HAL/src/alt_env_lock.o obj/HAL/src/alt_environ.o obj/HAL/src/alt_errno.o obj/HAL/src/alt_exception_entry.o obj/HAL/src/alt_exception_muldiv.o obj/HAL/src/alt_exception_trap.o obj/HAL/src/alt_execve.o obj/HAL/src/alt_exit.o obj/HAL/src/alt_fcntl.o obj/HAL/src/alt_fd_lock.o obj/HAL/src/alt_fd_unlock.o obj/HAL/src/alt_find_dev.o obj/HAL/src/alt_find_file.o obj/HAL/src/alt_flash_dev.o obj/HAL/src/alt_fork.o obj/HAL/src/alt_fs_reg.o obj/HAL/src/alt_fstat.o obj/HAL/src/alt_get_fd.o obj/HAL/src/alt_getchar.o obj/HAL/src/alt_getpid.o obj/HAL/src/alt_gettod.o obj/HAL/src/alt_gmon.o obj/HAL/src/alt_icache_flush.o obj/HAL/src/alt_icache_flush_all.o obj/HAL/src/alt_iic.o obj/HAL/src/alt_iic_isr_register.o obj/HAL/src/alt_instruction_exception_entry.o obj/HAL/src/alt_instruction_exception_register.o obj/HAL/src/alt_io_redirect.o obj/HAL/src/alt_ioctl.o obj/HAL/src/alt_irq_entry.o obj/HAL/src/alt_irq_handler.o obj/HAL/src/alt_irq_register.o obj/HAL/src/alt_irq_vars.o obj/HAL/src/alt_isatty.o obj/HAL/src/alt_kill.o obj/HAL/src/alt_link.o obj/HAL/src/alt_load.o obj/HAL/src/alt_log_macro.o obj/HAL/src/alt_log_printf.o obj/HAL/src/alt_lseek.o obj/HAL/src/alt_main.o obj/HAL/src/alt_malloc_lock.o obj/HAL/src/alt_mcount.o obj/HAL/src/alt_open.o obj/HAL/src/alt_printf.o obj/HAL/src/alt_putchar.o obj/HAL/src/alt_putcharbuf.o obj/HAL/src/alt_putstr.o obj/HAL/src/alt_read.o obj/HAL/src/alt_release_fd.o obj/HAL/src/alt_remap_cached.o obj/HAL/src/alt_remap_uncached.o obj/HAL/src/alt_rename.o obj/HAL/src/alt_sbrk.o obj/HAL/src/alt_settod.o obj/HAL/src/alt_software_exception.o obj/HAL/src/alt_stat.o obj/HAL/src/alt_tick.o obj/HAL/src/alt_times.o obj/HAL/src/alt_uncached_free.o obj/HAL/src/alt_uncached_malloc.o obj/HAL/src/alt_unlink.o obj/HAL/src/alt_usleep.o obj/HAL/src/alt_wait.o obj/HAL/src/alt_write.o obj/HAL/src/altera_nios2_qsys_irq.o obj/HAL/src/crt0.o obj/alt_sys_init.o obj/drivers/src/altera_avalon_cfi_flash.o obj/drivers/src/altera_avalon_cfi_flash_amd.o obj/drivers/src/altera_avalon_cfi_flash_intel.o obj/drivers/src/altera_avalon_cfi_flash_table.o obj/drivers/src/altera_avalon_jtag_uart_fd.o obj/drivers/src/altera_avalon_jtag_uart_init.o obj/drivers/src/altera_avalon_jtag_uart_ioctl.o obj/drivers/src/altera_avalon_jtag_uart_read.o obj/drivers/src/altera_avalon_jtag_uart_write.o obj/drivers/src/altera_avalon_lcd_16207.o obj/drivers/src/altera_avalon_lcd_16207_fd.o obj/drivers/src/altera_avalon_sysid_qsys.o obj/drivers/src/altera_avalon_timer_sc.o obj/drivers/src/altera_avalon_timer_ts.o obj/drivers/src/altera_avalon_timer_vars.o obj/drivers/src/altera_avalon_uart_fd.o obj/drivers/src/altera_avalon_uart_init.o obj/drivers/src/altera_avalon_uart_ioctl.o obj/drivers/src/altera_avalon_uart_read.o obj/drivers/src/altera_avalon_uart_write.o obj/drivers/src/altera_up_avalon_ps2.o obj/drivers/src/altera_up_avalon_video_character_buffer_with_dma.o obj/drivers/src/altera_up_avalon_video_pixel_buffer_dma.o obj/drivers/src/altera_up_ps2_keyboard.o obj/drivers/src/altera_up_ps2_mouse.o
[BSP build complete]
Info: Compiling FreeRTOS/croutine.c to obj/default/FreeRTOS/croutine.o
nios2-elf-gcc -xc -MP -MMD -c -I../723_Project_bsp//HAL/inc -I../723_Project_bsp/ -I../723_Project_bsp//drivers/inc  -pipe -D__hal__ -DALT_NO_INSTRUCTION_EMULATION -DALT_SINGLE_THREADED    -O0 -g -Wall   -mhw-div -mhw-mul -mno-hw-mulx -mgpopt=global  -o obj/default/FreeRTOS/croutine.o FreeRTOS/croutine.c
Info: Compiling FreeRTOS/event_groups.c to obj/default/FreeRTOS/event_groups.o
nios2-elf-gcc -xc -MP -MMD -c -I../723_Project_bsp//HAL/inc -I../723_Project_bsp/ -I../723_Project_bsp//drivers/inc  -pipe -D__hal__ -DALT_NO_INSTRUCTION_EMULATION -DALT_SINGLE_THREADED    -O0 -g -Wall   -mhw-div -mhw-mul -mno-hw-mulx -mgpopt=global  -o obj/default/FreeRTOS/event_groups.o FreeRTOS/event_groups.c
Info: Compiling FreeRTOS/heap.c to obj/default/FreeRTOS/heap.o
nios2-elf-gcc -xc -MP -MMD -c -I../723_Project_bsp//HAL/inc -I../723_Project_bsp/ -I../723_Project_bsp//drivers/inc  -pipe -D__hal__ -DALT_NO_INSTRUCTION_EMULATION -DALT_SINGLE_THREADED    -O0 -g -Wall   -mhw-div -mhw-mul -mno-hw-mulx -mgpopt=global  -o obj/default/FreeRTOS/heap.o FreeRTOS/heap.c
Info: Compiling FreeRTOS/list.c to obj/default/FreeRTOS/list.o
nios2-elf-gcc -xc -MP -MMD -c -I../723_Project_bsp//HAL/inc -I../723_Project_bsp/ -I../723_Project_bsp//drivers/inc  -pipe -D__hal__ -DALT_NO_INSTRUCTION_EMULATION -DALT_SINGLE_THREADED    -O0 -g -Wall   -mhw-div -mhw-mul -mno-hw-mulx -mgpopt=global  -o obj/default/FreeRTOS/list.o FreeRTOS/list.c
Info: Compiling FreeRTOS/port.c to obj/default/FreeRTOS/port.o
nios2-elf-gcc -xc -MP -MMD -c -I../723_Project_bsp//HAL/inc -I../723_Project_bsp/ -I../723_Project_bsp//drivers/inc  -pipe -D__hal__ -DALT_NO_INSTRUCTION_EMULATION -DALT_SINGLE_THREADED    -O0 -g -Wall   -mhw-div -mhw-mul -mno-hw-mulx -mgpopt=global  -o obj/default/FreeRTOS/port.o FreeRTOS/port.c
FreeRTOS/port.c:90:0: warning: "configTICK_RATE_HZ" redefined
 #define configTICK_RATE_HZ 1000
 ^
In file included from FreeRTOS/FreeRTOS.h:98:0,
                 from FreeRTOS/port.c:84:
FreeRTOS/FreeRTOSConfig.h:97:0: note: this is the location of the previous definition
 #define configTICK_RATE_HZ    ( ( portTickType ) 1000 )
 ^
FreeRTOS/port.c:91:0: warning: "configCPU_CLOCK_HZ" redefined
 #define configCPU_CLOCK_HZ TIMER1MS_FREQ
 ^
In file included from FreeRTOS/FreeRTOS.h:98:0,
                 from FreeRTOS/port.c:84:
FreeRTOS/FreeRTOSConfig.h:98:0: note: this is the location of the previous definition
 #define configCPU_CLOCK_HZ    ( ( unsigned long ) ALT_SYS_CLK ) 
 ^
FreeRTOS/port.c: In function 'vApplicationStackOverflowHook':
FreeRTOS/port.c:96:2: warning: implicit declaration of function 'printf' [-Wimplicit-function-declaration]
  printf("[free_rtos] Application stack overflow at task: %s\n", pcTaskName);
  ^
FreeRTOS/port.c:96:2: warning: incompatible implicit declaration of built-in function 'printf'
FreeRTOS/port.c:96:2: note: include '<stdio.h>' or provide a declaration of 'printf'
FreeRTOS/port.c: In function 'alt_irq_register':
FreeRTOS/port.c:231:18: warning: variable 'status' set but not used [-Wunused-but-set-variable]
  alt_irq_context status;
                  ^
Info: Compiling FreeRTOS/queue.c to obj/default/FreeRTOS/queue.o
nios2-elf-gcc -xc -MP -MMD -c -I../723_Project_bsp//HAL/inc -I../723_Project_bsp/ -I../723_Project_bsp//drivers/inc  -pipe -D__hal__ -DALT_NO_INSTRUCTION_EMULATION -DALT_SINGLE_THREADED    -O0 -g -Wall   -mhw-div -mhw-mul -mno-hw-mulx -mgpopt=global  -o obj/default/FreeRTOS/queue.o FreeRTOS/queue.c
Info: Compiling FreeRTOS/tasks.c to obj/default/FreeRTOS/tasks.o
nios2-elf-gcc -xc -MP -MMD -c -I../723_Project_bsp//HAL/inc -I../723_Project_bsp/ -I../723_Project_bsp//drivers/inc  -pipe -D__hal__ -DALT_NO_INSTRUCTION_EMULATION -DALT_SINGLE_THREADED    -O0 -g -Wall   -mhw-div -mhw-mul -mno-hw-mulx -mgpopt=global  -o obj/default/FreeRTOS/tasks.o FreeRTOS/tasks.c
Info: Compiling FreeRTOS/timers.c to obj/default/FreeRTOS/timers.o
nios2-elf-gcc -xc -MP -MMD -c -I../723_Project_bsp//HAL/inc -I../723_Project_bsp/ -I../723_Project_bsp//drivers/inc  -pipe -D__hal__ -DALT_NO_INSTRUCTION_EMULATION -DALT_SINGLE_THREADED    -O0 -g -Wall   -mhw-div -mhw-mul -mno-hw-mulx -mgpopt=global  -o obj/default/FreeRTOS/timers.o FreeRTOS/timers.c
Info: Compiling freertos_test.c to obj/default/freertos_test.o
nios2-elf-gcc -xc -MP -MMD -c -I../723_Project_bsp//HAL/inc -I../723_Project_bsp/ -I../723_Project_bsp//drivers/inc  -pipe -D__hal__ -DALT_NO_INSTRUCTION_EMULATION -DALT_SINGLE_THREADED    -O0 -g -Wall   -mhw-div -mhw-mul -mno-hw-mulx -mgpopt=global  -o obj/default/freertos_test.o freertos_test.c
freertos_test.c: In function 'main':
freertos_test.c:155:46: warning: passing argument 3 of 'alt_irq_register' from incompatible pointer type [-Wincompatible-pointer-types]
  alt_irq_register(FREQUENCY_ANALYSER_IRQ, 0, freq_relay);
                                              ^
In file included from ../723_Project_bsp//HAL/inc/sys/alt_irq.h:218:0,
                 from freertos/portmacro.h:77,
                 from freertos/portable.h:94,
                 from freertos/FreeRTOS.h:104,
                 from freertos_test.c:8:
../723_Project_bsp//HAL/inc/priv/alt_legacy_irq.h:61:12: note: expected 'alt_isr_func {aka void (*)(void *, long unsigned int)}' but argument is of type 'void (*)(void)'
 extern int alt_irq_register (alt_u32 id, 
            ^
freertos_test.c: In function 'NetworkStatusTask':
freertos_test.c:220:9: warning: implicit declaration of function 'fabs' [-Wimplicit-function-declaration]
    if ((fabs(rocFreq) < dfreq[i]) || lowerFreq > freq[i]  ){
         ^
freertos_test.c:220:9: warning: incompatible implicit declaration of built-in function 'fabs'
freertos_test.c:220:9: note: include '<math.h>' or provide a declaration of 'fabs'
freertos_test.c:223:6: warning: operation on 'i' may be undefined [-Wsequence-point]
    i = ++i%100; //point to the next data (oldest) to be overwritten
      ^
freertos_test.c:191:14: warning: unused variable 'j' [-Wunused-variable]
  int i = 99, j = 0;
              ^
In file included from freertos_test.c:9:0:
freertos_test.c: In function 'initCreateTasks':
freertos/task.h:344:118: warning: passing argument 1 of 'xTaskGenericCreate' from incompatible pointer type [-Wincompatible-pointer-types]
 #define xTaskCreate( pvTaskCode, pcName, usStackDepth, pvParameters, uxPriority, pxCreatedTask ) xTaskGenericCreate( ( pvTaskCode ), ( pcName ), ( usStackDepth ), ( pvParameters ), ( uxPriority ), ( pxCreatedTask ), ( NULL ), ( NULL ) )
                                                                                                                      ^
freertos_test.c:242:2: note: in expansion of macro 'xTaskCreate'
  xTaskCreate(freq_relay, "freq_relay", TASK_STACKSIZE, NULL, freq_relay_priority, NULL);
  ^
freertos/task.h:1949:12: note: expected 'TaskFunction_t {aka void (*)(void *)}' but argument is of type 'void (*)(void)'
 BaseType_t xTaskGenericCreate( TaskFunction_t pxTaskCode, const char * const pcName, const uint16_t usStackDepth, void * const pvParameters, UBaseType_t uxPriority, TaskHandle_t * const pxCreatedTask, StackType_t * const puxStackBuffer, const MemoryRegion_t * const xRegions ) PRIVILEGED_FUNCTION; /*lint !e971 Unqualified char types are allowed for strings and single characters only. */
            ^
Info: Linking 723_Project.elf
nios2-elf-g++  -T'../723_Project_bsp//linker.x' -msys-crt0='../723_Project_bsp//obj/HAL/src/crt0.o' -msys-lib=hal_bsp -L../723_Project_bsp/   -Wl,-Map=723_Project.map   -O0 -g -Wall   -mhw-div -mhw-mul -mno-hw-mulx -mgpopt=global  -o 723_Project.elf obj/default/FreeRTOS/croutine.o obj/default/FreeRTOS/event_groups.o obj/default/FreeRTOS/heap.o obj/default/FreeRTOS/list.o obj/default/FreeRTOS/port.o obj/default/FreeRTOS/queue.o obj/default/FreeRTOS/tasks.o obj/default/FreeRTOS/timers.o obj/default/freertos_test.o obj/default/FreeRTOS/port_asm.o -lm -msys-lib=m
nios2-elf-insert 723_Project.elf --thread_model hal --cpu_name nios2 --qsys true --simulation_enabled false --id 7 --sidp 0x430f0 --timestamp 1393900972 --stderr_dev jtag_uart --stdin_dev jtag_uart --stdout_dev jtag_uart --sopc_system_name nios2 --quartus_project_dir "D:/723_A1/723_Project" --sopcinfo D:/723_A1/723_Project/software/723_Project_bsp/../../nios2.sopcinfo
Info: (723_Project.elf) 610 KBytes program size (code + initialized data).
Info:                   130561 KBytes free for stack + heap.
Info: Creating 723_Project.objdump
nios2-elf-objdump --disassemble --syms --all-header --source 723_Project.elf >723_Project.objdump
[723_Project build complete]
12:17:17 **** Build of configuration Nios II for project 723_Project_bsp ****
make all 
[BSP build complete]
12:18:12 **** Incremental Build of configuration Nios II for project 723_Project ****
make all 
Info: Building ../723_Project_bsp/
C:/intelFPGA/16.1/nios2eds/bin/gnu/H-x86_64-mingw32/bin/make --no-print-directory -C ../723_Project_bsp/
[BSP build complete]
[723_Project build complete]
